1362
A 1
A 2
Alcarnus 3
And 5
And 4
Another 6
As 7
As 8
Aug 9
BlizzCon 11
BlizzCon 10
But 15
But 14
But 13
But 12
But 16
By 17
Diablo 21
Diablo 20
Diablo 19
Diablo 18
Enclave 22
Finally 23
GameSpotPosted 24
Getting 25
Giancarlo 26
Hands-On 27
He 28
Here 29
III 31
III 30
III 33
III 32
In 35
In 34
Inner 36
It 38
It 37
It's 39
Just 40
Khamsin 41
Look 42
Monk 43
NPC 44
Naturally 45
Near 46
Of 47
Once 48
PT 49
Pass 50
Shortly 51
So 52
Sounds 53
Sundered 54
That 55
The 63
The 62
The 61
The 60
The 59
The 58
The 57
The 56
The 64
Then 65
There's 66
These 67
This 70
This 69
This 68
Updated 71
Using 72
Varanini 73
Way 74
We 81
We 80
We 79
We 78
We 77
We 76
We 75
We'll 82
Well 83
What 84
While 85
With 87
With 86
Yes 88
Zakarwa 92
Zakarwa 91
Zakarwa 90
Zakarwa 89
a 127
a 126
a 125
a 124
a 123
a 122
a 121
a 120
a 119
a 118
a 117
a 116
a 115
a 114
a 113
a 112
a 111
a 110
a 109
a 108
a 107
a 106
a 105
a 104
a 103
a 102
a 101
a 100
a 99
a 98
a 97
a 96
a 95
a 94
a 93
a 140
a 139
a 138
a 137
a 136
a 135
a 134
a 133
a 132
a 131
a 130
a 129
a 128
abilities 142
abilities 141
about 145
about 144
about 143
absolutely 146
across 149
across 148
across 147
activate 150
active 152
active 151
actually 153
adventure 154
after 157
after 156
after 155
again 158
air 159
alerts 160
allowing 161
almost 164
almost 163
almost 162
already 165
also 169
also 168
also 167
also 166
always 170
amount 171
an 174
an 173
an 172
and 214
and 213
and 212
and 211
and 210
and 209
and 208
and 207
and 206
and 205
and 204
and 203
and 202
and 201
and 200
and 199
and 198
and 197
and 196
and 195
and 194
and 193
and 192
and 191
and 190
and 189
and 188
and 187
and 186
and 185
and 184
and 183
and 182
and 181
and 180
and 179
and 178
and 177
and 176
and 175
announced 216
announced 215
another 218
another 217
any 220
any 219
apparently 221
appeared 223
appeared 222
appears 224
are 228
are 227
are 226
are 225
area 229
areas 230
around 231
as 239
as 238
as 237
as 236
as 235
as 234
as 233
as 232
asks 240
at 244
at 243
at 242
at 241
attack 248
attack 247
attack 246
attack 245
attacks 250
attacks 249
attempted 251
automatically 252
available 255
available 254
available 253
b 256
back 260
back 259
back 258
back 257
balance 261
barbarian 262
barfing 263
barfs 264
basic 265
battling 266
be 275
be 274
be 273
be 272
be 271
be 270
be 269
be 268
be 267
because 277
because 276
been 278
before 286
before 285
before 284
before 283
before 282
before 281
before 280
before 279
bit 287
blinds 288
blood 289
boulders 290
bounty 291
bring 292
but 298
but 297
but 296
but 295
but 294
but 293
by 301
by 300
by 299
c 302
cache 303
called 304
came 308
came 307
came 306
came 305
camp 314
camp 313
camp 312
camp 311
camp 310
camp 309
camps 315
can 320
can 319
can 318
can 317
can 316
can't 321
careful 323
careful 322
casting 324
caught 325
caused 326
ceremonies 327
certain 329
certain 328
chance 330
character 335
character 334
character 333
character 332
character 331
charging 336
checked 338
checked 337
class 342
class 341
class 340
class 339
click 343
cloud 344
cohorts 345
collected 346
columns 347
come 349
come 348
computer 350
concert 351
conclusion 352
contain 353
continued 354
conversations 355
counterattack 356
couple 357
coverage 358
creates 359
creature 360
creatures 363
creatures 362
creatures 361
cross 364
crowd 365
crumbling 367
crumbling 366
cult 369
cult 368
cultist 370
cultists 371
cultists--whose 372
damage 373
dead 375
dead 374
deadly 376
death 377
default 378
defense 379
defenses 380
definitely 382
definitely 381
demo 383
demonlike 384
depending 385
dervish--a 386
desert 392
desert 391
desert 390
desert 389
desert 388
desert 387
details 394
details 393
dexterity 395
did 396
died 397
different 398
difficult 399
direction 401
direction 400
discovered 402
dive 403
do 404
doesn't 406
doesn't 405
drag 407
drain 408
drop 409
drugged 410
dune 411
dungeon 416
dungeon 415
dungeon 414
dungeon 413
dungeon 412
easily 418
easily 417
effective 419
enclave 422
enclave 421
enclave 420
encountered 425
encountered 424
encountered 423
ended 426
enemies 440
enemies 439
enemies 438
enemies 437
enemies 436
enemies 435
enemies 434
enemies 433
enemies 432
enemies 431
enemies 430
enemies 429
enemies 428
enemies 427
enemy 443
enemy 442
enemy 441
enemy's 444
engaging 445
equipment 446
especially 448
especially 447
even 449
eventually 451
eventually 450
everyone 455
everyone 454
everyone 453
everyone 452
evil 457
evil 456
executed 458
exists 459
explode 461
explode 460
explodes 462
exploding 467
exploding 466
exploding 465
exploding 464
exploding 463
exploring 471
exploring 470
exploring 469
exploring 468
extremities 472
facing 473
fact 474
fall 475
fallen 476
fast 477
favorite 478
features 479
female 480
few 490
few 489
few 488
few 487
few 486
few 485
few 484
few 483
few 482
few 481
fight 491
finally 492
find 494
find 493
first 496
first 495
fists 498
fists 497
flavors 499
floating 500
for 509
for 508
for 507
for 506
for 505
for 504
for 503
for 502
for 501
force 511
force 510
forcing 512
found 513
from 514
fu 515
future 516
game 517
games 518
gang 519
gates 520
general 521
get 523
get 522
girl 524
girls 525
gives 526
go 529
go 528
go 527
got 530
grip 531
ground 532
group 536
group 535
group 534
group 533
groups 537
had 540
had 539
had 538
hands 541
happened 542
has 545
has 544
has 543
have 548
have 547
have 546
he 552
he 551
he 550
he 549
head 555
head 554
head 553
heading 558
heading 557
heading 556
heart 559
help 560
her 561
hidden 562
him 568
him 567
him 566
him 565
him 564
him 563
his 574
his 573
his 572
his 571
his 570
his 569
hit 575
hop 576
hotkey 577
how 579
how 578
hundred 581
hundred 580
icon 582
if 584
if 583
imagine 585
immediately 586
impenetrable 587
impossible 588
in 612
in 611
in 610
in 609
in 608
in 607
in 606
in 605
in 604
in 603
in 602
in 601
in 600
in 599
in 598
in 597
in 596
in 595
in 594
in 593
in 592
in 591
in 590
in 589
incarnation 613
inclined 614
including 616
including 615
incredibly 617
inner 618
inside 619
interested 620
interesting 622
interesting 621
interface 623
into 627
into 626
into 625
into 624
is 646
is 645
is 644
is 643
is 642
is 641
is 640
is 639
is 638
is 637
is 636
is 635
is 634
is 633
is 632
is 631
is 630
is 629
is 628
it 658
it 657
it 656
it 655
it 654
it 653
it 652
it 651
it 650
it 649
it 648
it 647
it's 661
it's 660
it's 659
its 664
its 663
its 662
itself 665
jumped 666
just 667
kill 669
kill 668
killed 671
killed 670
killing 672
kind 673
know 674
kung 675
kung-fu 676
lands 677
large 678
last 679
later 680
leader 682
leader 681
leads 683
least 684
led 685
left 686
let 690
let 689
let 688
let 687
lets 693
lets 692
lets 691
level 694
like 701
like 700
like 699
like 698
like 697
like 695
like 696
limit 703
limit 702
little 706
little 705
little 704
lived 707
located 708
location 709
log 711
log 710
long 712
lost 713
lowly 714
magic-imbued 715
magic-powered 716
main 717
making 718
mana 719
massive 721
massive 720
may 722
mean 723
means 724
melee-focused 725
members 726
middle 727
minutes 729
minutes 728
mixture 730
monk 748
monk 747
monk 746
monk 745
monk 744
monk 743
monk 742
monk 741
monk 739
monk 738
monk 737
monk 735
monk 734
monk 733
monk 731
monk 732
monk 736
monk 740
monk's 751
monk's 750
monk's 749
more 758
more 757
more 756
more 755
more 754
more 753
more 752
most 761
most 760
most 759
move 762
much 764
much 763
must 765
named 766
necromancer 768
necromancer 767
need 769
needed 771
needed 770
new 772
nice 773
niece 774
non-player 775
normal 776
not 780
not 779
not 778
not 777
noticed 781
now 782
of 823
of 822
of 821
of 820
of 819
of 818
of 817
of 815
of 814
of 813
of 812
of 811
of 810
of 809
of 807
of 806
of 805
of 803
of 802
of 801
of 799
of 798
of 797
of 796
of 795
of 794
of 793
of 791
of 790
of 789
of 787
of 786
of 785
of 783
of 784
of 788
of 792
of 800
of 804
of 808
of 816
offer 824
often 825
on 834
on 833
on 832
on 831
on 830
on 829
on 827
on 826
on 828
once 835
one 839
one 838
one 837
one 836
only 841
only 840
onto 843
onto 842
open 844
opening 845
option 848
option 847
option 846
options 849
or 850
other 854
other 853
other 851
other 852
others 855
otherwise 856
our 860
our 865
our 864
our 863
our 862
our 861
our 859
our 858
our 857
out 868
out 872
out 876
out 880
out 879
out 878
out 877
out 875
out 874
out 873
out 871
out 870
out 869
out 867
out 866
outlaw 882
outlaw 881
over 883
overrun 884
own 885
palm 886
palm 890
palm 889
palm 888
palm 887
path 892
path 891
perform 893
perhaps 894
playtime 895
pm 896
point 897
portal 899
portal 898
poster 900
pretty 902
pretty 901
previous 903
prior 904
projectile 906
projectile 905
proper 907
quest 908
quest 911
quest 910
quest 909
quests 912
quick 913
quickly 914
quickly 915
radiant 916
radius 917
ran 918
ranged 919
reflect 920
regular 921
result 922
returned 923
reverting 924
right 925
ring 926
rocks 927
ruins 928
rundown 929
running 930
sacrifice 931
said 932
sanctuary 933
sanctuary 934
saw 935
saw 936
screen 938
screen 937
seconds 939
seconds 940
see 941
seem 942
seem 943
seemed 944
seems 947
seems 945
seems 946
series 949
series 948
setting 950
seven-sided 953
seven-sided 951
seven-sided 952
several 954
she 957
she 955
she 958
she 956
shouldn't 959
shows 960
side 962
side 961
silhouette 963
since 964
single 965
skill 970
skill 967
skill 966
skill 968
skill 969
skill--whenever 971
skills 976
skills 975
skills 973
skills 974
skills 972
slaughtering 977
slightly 978
small 979
so 982
so 981
so 980
some 988
some 987
some 985
some 986
some 983
some 984
someone 989
sort 990
spells 991
spinning 992
spins 993
spirits 994
spoke 995
squidlike 996
standing 997
started 998
state 999
stats 1000
still 1001
stops 1002
straightforward 1004
straightforward 1003
strategic 1005
strategy 1006
strength 1007
strike 1011
strike 1010
strike 1009
strike 1008
strikes 1013
strikes 1012
strong 1016
strong 1015
strong 1014
stronger 1017
stronger 1018
strongest 1019
stumbled 1020
stumbling 1021
successive 1022
suggests 1023
surface 1024
surrounded 1026
surrounded 1025
surrounding 1027
survivor 1028
take 1029
take 1031
take 1030
taken 1032
takes 1033
tandem 1034
tells 1035
tells 1036
terms 1038
terms 1037
than 1039
thankfully 1040
that 1041
that 1057
that 1049
that 1058
that 1044
that 1045
that 1042
that 1050
that 1052
that 1048
that 1060
that 1055
that 1056
that 1054
that 1062
that 1066
that 1069
that 1068
that 1046
that 1064
that 1070
that 1071
that 1067
that 1065
that 1063
that 1061
that 1059
that 1053
that 1051
that 1047
that 1043
the 1104
the 1145
the 1138
the 1141
the 1110
the 1140
the 1144
the 1127
the 1136
the 1146
the 1131
the 1130
the 1084
the 1139
the 1133
the 1148
the 1098
the 1080
the 1099
the 1082
the 1091
the 1132
the 1129
the 1128
the 1081
the 1075
the 1101
the 1149
the 1088
the 1137
the 1086
the 1072
the 1119
the 1111
the 1105
the 1094
the 1113
the 1092
the 1150
the 1116
the 1114
the 1106
the 1121
the 1108
the 1107
the 1118
the 1117
the 1097
the 1122
the 1093
the 1073
the 1120
the 1112
the 1123
the 1142
the 1076
the 1077
the 1109
the 1074
the 1078
the 1126
the 1147
the 1143
the 1083
the 1089
the 1135
the 1087
the 1125
the 1090
the 1115
the 1124
the 1100
the 1103
the 1095
the 1085
the 1102
the 1079
the 1096
the 1134
their 1152
their 1151
them 1154
them 1155
them 1153
then 1159
then 1156
then 1157
then 1158
then 1160
there 1163
there 1165
there 1164
there 1161
there 1162
there's 1166
they 1167
they 1168
they 1169
things 1170
third 1171
this 1175
this 1176
this 1177
this 1178
this 1174
this 1172
this 1173
those 1179
thought 1180
thought 1181
three 1182
threw 1183
throngs 1184
through 1185
through 1186
time 1187
time 1189
time 1188
to 1199
to 1225
to 1226
to 1209
to 1204
to 1198
to 1192
to 1228
to 1196
to 1195
to 1229
to 1214
to 1216
to 1213
to 1215
to 1210
to 1212
to 1222
to 1227
to 1221
to 1203
to 1202
to 1201
to 1200
to 1206
to 1197
to 1194
to 1205
to 1190
to 1223
to 1211
to 1220
to 1207
to 1218
to 1224
to 1208
to 1219
to 1191
to 1217
to 1193
told 1231
told 1232
told 1230
too 1233
took 1234
totems 1235
touch-of-death 1236
town 1237
tree 1238
trying 1239
two 1241
two 1242
two 1240
typical 1243
typical 1244
uncle 1245
unlock 1246
unlocked 1247
until 1248
up 1250
up 1249
upon 1252
upon 1251
upon 1253
us 1256
us 1254
us 1255
use 1258
use 1259
use 1257
used 1260
useful 1264
useful 1265
useful 1262
useful 1263
useful 1261
vanquished 1266
variety 1267
ventured 1268
ventured 1269
visage 1270
vitality 1271
walk 1272
wanted 1273
was 1275
was 1278
was 1277
was 1276
was 1274
wasn't 1279
wasps 1280
way 1281
we 1288
we 1284
we 1283
we 1287
we 1289
we 1295
we 1291
we 1293
we 1301
we 1296
we 1294
we 1285
we 1282
we 1299
we 1298
we 1290
we 1292
we 1286
we 1297
we 1300
well 1302
well 1303
well 1304
were 1306
were 1305
were 1308
were 1307
were 1309
what 1310
when 1312
when 1311
where 1313
where 1314
where 1315
which 1321
which 1319
which 1322
which 1317
which 1320
which 1318
which 1316
while 1325
while 1323
while 1324
who 1326
willpower 1327
with 1331
with 1328
with 1332
with 1329
with 1330
without 1334
without 1333
worshipping 1335
would 1336
year's 1337
yet 1338
you 1343
you 1340
you 1352
you 1351
you 1345
you 1349
you 1342
you 1346
you 1350
you 1341
you 1347
you 1348
you 1344
you 1339
you're 1354
you're 1356
you're 1355
you're 1353
your 1357
your 1358
your 1359
zip 1361
zip 1360
zip 1362
